<?xml version="1.0" encoding="UTF-8"?>
<Site BuildName="(empty)"
	BuildStamp="20240405-2002-Experimental"
	Name="(empty)"
	Generator="ctest-3.16.3"
	CompilerName=""
	CompilerVersion=""
	OSName="Linux"
	Hostname="codespaces-b7b84b"
	OSRelease="6.2.0-1019-azure"
	OSVersion="#19~22.04.1-Ubuntu SMP Wed Jan 10 22:57:03 UTC 2024"
	OSPlatform="x86_64"
	Is64Bits="1"
	VendorString="AuthenticAMD"
	VendorID="Advanced Micro Devices"
	FamilyID="25"
	ModelID="1"
	ProcessorCacheSize="512"
	NumberOfLogicalCPU="2"
	NumberOfPhysicalCPU="1"
	TotalVirtualMemory="0"
	TotalPhysicalMemory="7929"
	LogicalProcessorsPerPhysical="2"
	ProcessorClockFrequency="3243.18"
	>
	<Testing>
		<StartDateTime>Apr 05 20:02 UTC</StartDateTime>
		<StartTestTime>1712347379</StartTestTime>
		<TestList/>
		<EndDateTime>Apr 05 20:02 UTC</EndDateTime>
		<EndTestTime>1712347379</EndTestTime>
		<ElapsedMinutes>0</ElapsedMinutes>
	</Testing>
</Site>
